Command line:
   controlunit_isim_beh.exe
     -simmode  gui
     -simrunnum  0
     -socket  51306

Sun May 15 15:10:07 2016


 Elaboration Time: 0.03125 sec

 Current Memory Usage: 840.671 Meg

 Total Signals          : 35
 Total Nets             : 37
 Total Signal Drivers   : 16
 Total Blocks           : 4
 Total Primitive Blocks : 4
 Total Processes        : 2
 Total Traceable Variables  : 10
 Total Scalar Nets and Variables : 415
Total Line Count : 115

 Total Simulation Time: 0.046875 sec

 Current Memory Usage: 683.385 Meg

Sun May 15 15:12:18 2016

